C:\Users\MFGYF-LQ\Desktop\A01B1GS.DWG,模型,2018/5/21 16:30:48,MFGYF-LQ,PublishToWeb JPG.pc3,VGA (640.00 x 480.00 像素),1:3.7125,
C:\Users\MFGYF-LQ\Desktop\AAA：弹簧.dwg,模型,2018/5/21 16:31:14,MFGYF-LQ,PublishToWeb JPG.pc3,VGA (640.00 x 480.00 像素),1:0.65625,
C:\Users\MFGYF-LQ\Desktop\h118-0012.dwg,模型,2018/5/21 16:32:05,MFGYF-LQ,PublishToWeb JPG.pc3,VGA (640.00 x 480.00 像素),1:0.328125,
C:\Users\MFGYF-LQ\AppData\Local\Temp\360zip$Temp\360$0\酒柜建筑图块.dwg,模型,2018/5/22 9:07:00,MFGYF-LQ,PublishToWeb JPG.pc3,VGA (640.00 x 480.00 像素),1:0.271284,
C:\Users\MFGYF-LQ\AppData\Local\Temp\360zip$Temp\360$0\酒柜建筑图块.dwg,模型,2018/5/22 9:07:04,MFGYF-LQ,PublishToWeb JPG.pc3,VGA (640.00 x 480.00 像素),1:0.178273,
C:\Users\MFGYF-LQ\AppData\Local\Temp\360zip$Temp\360$0\酒柜建筑图块.dwg,模型,2018/5/22 9:07:11,MFGYF-LQ,PublishToWeb JPG.pc3,VGA (640.00 x 480.00 像素),1:0.271284,
C:\Users\MFGYF-LQ\AppData\Local\Temp\360zip$Temp\360$0\酒柜建筑图块.dwg,模型,2018/5/22 9:07:13,MFGYF-LQ,PublishToWeb JPG.pc3,VGA (640.00 x 480.00 像素),1:0.127338,
C:\Users\MFGYF-LQ\AppData\Local\Temp\360zip$Temp\360$0\酒柜建筑图块.dwg,模型,2018/5/22 9:07:15,MFGYF-LQ,PublishToWeb JPG.pc3,VGA (640.00 x 480.00 像素),1:0.181964,
C:\Users\MFGYF-LQ\AppData\Local\Temp\360zip$Temp\360$0\酒柜建筑图块.dwg,模型,2018/5/22 9:07:17,MFGYF-LQ,PublishToWeb JPG.pc3,VGA (640.00 x 480.00 像素),1:0.085999,
C:\Users\MFGYF-LQ\AppData\Local\Temp\360zip$Temp\360$0\酒柜建筑图块.dwg,模型,2018/5/22 9:07:20,MFGYF-LQ,PublishToWeb JPG.pc3,VGA (640.00 x 480.00 像素),1:6.74046,
C:\Users\MFGYF-LQ\AppData\Local\Temp\360zip$Temp\360$0\酒柜建筑图块.dwg,模型,2018/5/22 9:07:22,MFGYF-LQ,PublishToWeb JPG.pc3,VGA (640.00 x 480.00 像素),1:4.76522,
C:\Users\MFGYF-LQ\AppData\Local\Temp\360zip$Temp\360$0\酒柜建筑图块.dwg,模型,2018/5/22 9:07:24,MFGYF-LQ,PublishToWeb JPG.pc3,VGA (640.00 x 480.00 像素),1:3.73411,
C:\Users\MFGYF-LQ\AppData\Local\Temp\360zip$Temp\360$0\酒柜建筑图块.dwg,模型,2018/5/22 9:07:27,MFGYF-LQ,PublishToWeb JPG.pc3,VGA (640.00 x 480.00 像素),1:4.25,
C:\Users\MFGYF-LQ\AppData\Local\Temp\360zip$Temp\360$0\酒柜建筑图块.dwg,模型,2018/5/22 9:07:32,MFGYF-LQ,PublishToWeb JPG.pc3,VGA (640.00 x 480.00 像素),1:0.181964,
C:\Users\MFGYF-LQ\AppData\Local\Temp\360zip$Temp\360$0\酒柜建筑图块.dwg,模型,2018/5/22 9:07:34,MFGYF-LQ,PublishToWeb JPG.pc3,VGA (640.00 x 480.00 像素),1:0.221457,
C:\Users\MFGYF-LQ\AppData\Local\Temp\360zip$Temp\360$0\酒柜建筑图块.dwg,模型,2018/5/22 9:07:36,MFGYF-LQ,PublishToWeb JPG.pc3,VGA (640.00 x 480.00 像素),1:0.266855,
C:\Users\MFGYF-LQ\AppData\Local\Temp\360zip$Temp\360$0\酒柜建筑图块.dwg,模型,2018/5/22 9:07:37,MFGYF-LQ,PublishToWeb JPG.pc3,VGA (640.00 x 480.00 像素),1:0.412279,
C:\Users\MFGYF-LQ\AppData\Local\Temp\360zip$Temp\360$0\酒柜建筑图块.dwg,模型,2018/5/22 9:07:39,MFGYF-LQ,PublishToWeb JPG.pc3,VGA (640.00 x 480.00 像素),1:0.127338,
C:\Users\MFGYF-LQ\AppData\Local\Temp\360zip$Temp\360$0\酒柜建筑图块.dwg,模型,2018/5/22 9:07:44,MFGYF-LQ,PublishToWeb JPG.pc3,VGA (640.00 x 480.00 像素),1:0.180118,
C:\Users\MFGYF-LQ\AppData\Local\Temp\360zip$Temp\360$0\酒柜建筑图块.dwg,模型,2018/5/22 9:07:46,MFGYF-LQ,PublishToWeb JPG.pc3,VGA (640.00 x 480.00 像素),1:0.201564,
C:\Users\MFGYF-LQ\AppData\Local\Temp\360zip$Temp\360$0\酒柜建筑图块.dwg,模型,2018/5/22 9:07:47,MFGYF-LQ,PublishToWeb JPG.pc3,VGA (640.00 x 480.00 像素),1:0.130623,
C:\Users\MFGYF-LQ\AppData\Local\Temp\360zip$Temp\360$0\酒柜建筑图块.dwg,模型,2018/5/22 9:07:49,MFGYF-LQ,PublishToWeb JPG.pc3,VGA (640.00 x 480.00 像素),1:0.266855,
C:\Users\MFGYF-LQ\AppData\Local\Temp\360zip$Temp\360$0\酒柜建筑图块.dwg,模型,2018/5/22 9:07:51,MFGYF-LQ,PublishToWeb JPG.pc3,VGA (640.00 x 480.00 像素),1:0.085999,
C:\Users\MFGYF-LQ\AppData\Local\Temp\360zip$Temp\360$0\酒柜建筑图块.dwg,模型,2018/5/22 9:07:53,MFGYF-LQ,PublishToWeb JPG.pc3,VGA (640.00 x 480.00 像素),1:4.0625,
C:\Users\MFGYF-LQ\AppData\Local\Temp\360zip$Temp\360$0\酒柜建筑图块.dwg,模型,2018/5/22 9:07:55,MFGYF-LQ,PublishToWeb JPG.pc3,VGA (640.00 x 480.00 像素),1:5.41667,
C:\Users\MFGYF-LQ\AppData\Local\Temp\360zip$Temp\360$0\酒柜建筑图块.dwg,模型,2018/5/22 9:08:01,MFGYF-LQ,PublishToWeb JPG.pc3,VGA (640.00 x 480.00 像素),1:4.29688,
C:\Users\MFGYF-LQ\AppData\Local\Temp\360zip$Temp\360$0\酒柜建筑图块.dwg,模型,2018/5/22 9:08:05,MFGYF-LQ,PublishToWeb JPG.pc3,VGA (640.00 x 480.00 像素),1:4.74253,
C:\Users\MFGYF-LQ\AppData\Local\Temp\360zip$Temp\360$0\酒柜建筑图块.dwg,模型,2018/5/22 9:08:07,MFGYF-LQ,PublishToWeb JPG.pc3,VGA (640.00 x 480.00 像素),1:3.4375,
C:\Users\MFGYF-LQ\AppData\Local\Temp\360zip$Temp\360$0\酒柜建筑图块.dwg,模型,2018/5/22 9:09:09,MFGYF-LQ,PublishToWeb JPG.pc3,VGA (640.00 x 480.00 像素),1:0.266855,
C:\Users\MFGYF-LQ\AppData\Local\Temp\360zip$Temp\360$0\酒柜建筑图块.dwg,模型,2018/5/22 9:09:42,MFGYF-LQ,PublishToWeb JPG.pc3,VGA (640.00 x 480.00 像素),1:0.179011,
C:\Users\MFGYF-LQ\AppData\Local\Temp\360zip$Temp\360$0\酒柜建筑图块.dwg,模型,2018/5/22 9:09:52,MFGYF-LQ,PublishToWeb JPG.pc3,VGA (640.00 x 480.00 像素),1:0.322958,
C:\Users\MFGYF-LQ\AppData\Local\Temp\360zip$Temp\360$0\酒柜建筑图块.dwg,模型,2018/5/22 9:10:01,MFGYF-LQ,PublishToWeb JPG.pc3,VGA (640.00 x 480.00 像素),1:2.70403,
C:\Users\MFGYF-LQ\AppData\Local\Temp\360zip$Temp\360$0\酒柜建筑图块.dwg,模型,2018/5/22 9:10:09,MFGYF-LQ,PublishToWeb JPG.pc3,VGA (640.00 x 480.00 像素),1:0.0852608,
C:\Users\MFGYF-LQ\AppData\Local\Temp\360zip$Temp\360$0\酒柜建筑图块.dwg,模型,2018/5/22 9:10:20,MFGYF-LQ,PublishToWeb JPG.pc3,VGA (640.00 x 480.00 像素),1:3.73411,
C:\Users\MFGYF-LQ\AppData\Local\Temp\360zip$Temp\360$0\酒柜建筑图块.dwg,模型,2018/5/22 9:10:57,MFGYF-LQ,PublishToWeb JPG.pc3,VGA (640.00 x 480.00 像素),1:5.79688,
C:\Users\MFGYF-LQ\AppData\Local\Temp\360zip$Temp\360$0\酒柜建筑图块.dwg,模型,2018/5/22 9:11:05,MFGYF-LQ,PublishToWeb JPG.pc3,VGA (640.00 x 480.00 像素),1:6.19762,
C:\Users\MFGYF-LQ\AppData\Local\Temp\360zip$Temp\360$0\酒柜建筑图块.dwg,模型,2018/5/22 9:11:24,MFGYF-LQ,PublishToWeb JPG.pc3,VGA (640.00 x 480.00 像素),1:0.416294,
C:\Users\MFGYF-LQ\AppData\Local\Temp\360zip$Temp\360$0\酒柜建筑图块.dwg,模型,2018/5/22 9:11:44,MFGYF-LQ,PublishToWeb JPG.pc3,VGA (640.00 x 480.00 像素),1:0.343169,
C:\Users\MFGYF-LQ\AppData\Local\Temp\360zip$Temp\360$0\酒柜建筑图块.dwg,模型,2018/5/22 9:11:50,MFGYF-LQ,PublishToWeb JPG.pc3,VGA (640.00 x 480.00 像素),1:0.345472,
C:\Users\MFGYF-LQ\AppData\Local\Temp\360zip$Temp\360$1\顺序控制电气控制图.dwg,模型,2018/5/22 9:15:51,MFGYF-LQ,PublishToWeb JPG.pc3,VGA (640.00 x 480.00 像素),1:0.0120701,
C:\Users\MFGYF-LQ\AppData\Local\Temp\360zip$Temp\360$1\顺序控制电气控制图.dwg,模型,2018/5/22 9:15:54,MFGYF-LQ,PublishToWeb JPG.pc3,VGA (640.00 x 480.00 像素),1:0.0505386,
C:\Users\MFGYF-LQ\AppData\Local\Temp\360zip$Temp\360$1\顺序控制电气控制图.dwg,模型,2018/5/22 9:16:02,MFGYF-LQ,PublishToWeb JPG.pc3,VGA (640.00 x 480.00 像素),1:0.0131214,
C:\Users\MFGYF-LQ\AppData\Local\Temp\360zip$Temp\360$1\顺序控制电气控制图.dwg,模型,2018/5/22 9:16:04,MFGYF-LQ,PublishToWeb JPG.pc3,VGA (640.00 x 480.00 像素),1:0.0264323,
C:\Users\MFGYF-LQ\AppData\Local\Temp\360zip$Temp\360$1\顺序控制电气控制图.dwg,模型,2018/5/22 9:16:11,MFGYF-LQ,PublishToWeb JPG.pc3,VGA (640.00 x 480.00 像素),1:0.31744,
C:\Users\MFGYF-LQ\AppData\Local\Temp\360zip$Temp\360$1\顺序控制电气控制图.dwg,模型,2018/5/22 9:16:15,MFGYF-LQ,PublishToWeb JPG.pc3,VGA (640.00 x 480.00 像素),1:0.65625,
C:\Users\MFGYF-LQ\AppData\Local\Temp\360zip$Temp\360$2\室内装修全套施工图.dwg,模型,2018/5/22 9:19:44,MFGYF-LQ,PublishToWeb JPG.pc3,VGA (640.00 x 480.00 像素),1:12.5216,
C:\Users\MFGYF-LQ\AppData\Local\Temp\360zip$Temp\360$2\室内装修全套施工图.dwg,模型,2018/5/22 9:19:48,MFGYF-LQ,PublishToWeb JPG.pc3,VGA (640.00 x 480.00 像素),1:12.5216,
C:\Users\MFGYF-LQ\AppData\Local\Temp\360zip$Temp\360$2\室内装修全套施工图.dwg,模型,2018/5/22 9:19:50,MFGYF-LQ,PublishToWeb JPG.pc3,VGA (640.00 x 480.00 像素),1:12.5216,
C:\Users\MFGYF-LQ\AppData\Local\Temp\360zip$Temp\360$2\室内装修全套施工图.dwg,模型,2018/5/22 9:19:53,MFGYF-LQ,PublishToWeb JPG.pc3,VGA (640.00 x 480.00 像素),1:12.5216,
C:\Users\MFGYF-LQ\AppData\Local\Temp\360zip$Temp\360$2\室内装修全套施工图.dwg,模型,2018/5/22 9:19:55,MFGYF-LQ,PublishToWeb JPG.pc3,VGA (640.00 x 480.00 像素),1:12.5216,
C:\Users\MFGYF-LQ\AppData\Local\Temp\360zip$Temp\360$2\室内装修全套施工图.dwg,模型,2018/5/22 9:19:57,MFGYF-LQ,PublishToWeb JPG.pc3,VGA (640.00 x 480.00 像素),1:12.5216,
C:\Users\MFGYF-LQ\AppData\Local\Temp\360zip$Temp\360$2\室内装修全套施工图.dwg,模型,2018/5/22 9:19:59,MFGYF-LQ,PublishToWeb JPG.pc3,VGA (640.00 x 480.00 像素),1:15.652,
C:\Users\MFGYF-LQ\AppData\Local\Temp\360zip$Temp\360$2\室内装修全套施工图.dwg,模型,2018/5/22 9:20:01,MFGYF-LQ,PublishToWeb JPG.pc3,VGA (640.00 x 480.00 像素),1:12.5216,
C:\Users\MFGYF-LQ\AppData\Local\Temp\360zip$Temp\360$2\室内装修全套施工图.dwg,模型,2018/5/22 9:20:03,MFGYF-LQ,PublishToWeb JPG.pc3,VGA (640.00 x 480.00 像素),1:12.5216,
C:\Users\MFGYF-LQ\AppData\Local\Temp\360zip$Temp\360$2\室内装修全套施工图.dwg,模型,2018/5/22 9:20:12,MFGYF-LQ,PublishToWeb JPG.pc3,VGA (640.00 x 480.00 像素),1:25.0431,
C:\Users\MFGYF-LQ\AppData\Local\Temp\360zip$Temp\360$2\室内装修全套施工图.dwg,模型,2018/5/22 9:20:15,MFGYF-LQ,PublishToWeb JPG.pc3,VGA (640.00 x 480.00 像素),1:12.5216,
C:\Users\MFGYF-LQ\AppData\Local\Temp\360zip$Temp\360$2\室内装修全套施工图.dwg,模型,2018/5/22 9:20:27,MFGYF-LQ,PublishToWeb JPG.pc3,VGA (640.00 x 480.00 像素),1:350.858,
C:\Users\MFGYF-LQ\AppData\Local\Temp\360zip$Temp\360$2\室内装修全套施工图.dwg,模型,2018/5/22 9:20:32,MFGYF-LQ,PublishToWeb JPG.pc3,VGA (640.00 x 480.00 像素),1:12.5216,
C:\Users\MFGYF-LQ\AppData\Local\Temp\360zip$Temp\360$2\室内装修全套施工图.dwg,模型,2018/5/22 9:20:34,MFGYF-LQ,PublishToWeb JPG.pc3,VGA (640.00 x 480.00 像素),1:12.5216,
C:\Users\MFGYF-LQ\AppData\Local\Temp\360zip$Temp\360$2\室内装修全套施工图.dwg,模型,2018/5/22 9:20:36,MFGYF-LQ,PublishToWeb JPG.pc3,VGA (640.00 x 480.00 像素),1:12.5216,
C:\Users\MFGYF-LQ\AppData\Local\Temp\360zip$Temp\360$2\室内装修全套施工图.dwg,模型,2018/5/22 9:20:38,MFGYF-LQ,PublishToWeb JPG.pc3,VGA (640.00 x 480.00 像素),1:12.5216,
C:\Users\MFGYF-LQ\AppData\Local\Temp\360zip$Temp\360$2\室内装修全套施工图.dwg,模型,2018/5/22 9:20:40,MFGYF-LQ,PublishToWeb JPG.pc3,VGA (640.00 x 480.00 像素),1:12.5216,
C:\Users\MFGYF-LQ\AppData\Local\Temp\360zip$Temp\360$2\室内装修全套施工图.dwg,模型,2018/5/22 9:20:42,MFGYF-LQ,PublishToWeb JPG.pc3,VGA (640.00 x 480.00 像素),1:12.5216,
C:\Users\MFGYF-LQ\AppData\Local\Temp\360zip$Temp\360$2\室内装修全套施工图.dwg,模型,2018/5/22 9:20:44,MFGYF-LQ,PublishToWeb JPG.pc3,VGA (640.00 x 480.00 像素),1:12.5216,
C:\Users\MFGYF-LQ\AppData\Local\Temp\360zip$Temp\360$2\室内装修全套施工图.dwg,模型,2018/5/22 9:20:45,MFGYF-LQ,PublishToWeb JPG.pc3,VGA (640.00 x 480.00 像素),1:12.5216,
C:\Users\MFGYF-LQ\AppData\Local\Temp\360zip$Temp\360$2\室内装修全套施工图.dwg,模型,2018/5/22 9:20:47,MFGYF-LQ,PublishToWeb JPG.pc3,VGA (640.00 x 480.00 像素),1:15.652,
C:\Users\MFGYF-LQ\AppData\Local\Temp\360zip$Temp\360$2\室内装修全套施工图.dwg,模型,2018/5/22 9:20:49,MFGYF-LQ,PublishToWeb JPG.pc3,VGA (640.00 x 480.00 像素),1:15.652,
C:\Users\MFGYF-LQ\AppData\Local\Temp\360zip$Temp\360$2\室内装修全套施工图.dwg,模型,2018/5/22 9:20:51,MFGYF-LQ,PublishToWeb JPG.pc3,VGA (640.00 x 480.00 像素),1:15.652,
C:\Users\MFGYF-LQ\AppData\Local\Temp\360zip$Temp\360$2\室内装修全套施工图.dwg,模型,2018/5/22 9:20:53,MFGYF-LQ,PublishToWeb JPG.pc3,VGA (640.00 x 480.00 像素),1:15.652,
C:\Users\MFGYF-LQ\AppData\Local\Temp\360zip$Temp\360$2\室内装修全套施工图.dwg,模型,2018/5/22 9:20:55,MFGYF-LQ,PublishToWeb JPG.pc3,VGA (640.00 x 480.00 像素),1:15.652,
C:\Users\MFGYF-LQ\AppData\Local\Temp\360zip$Temp\360$2\室内装修全套施工图.dwg,模型,2018/5/22 9:20:57,MFGYF-LQ,PublishToWeb JPG.pc3,VGA (640.00 x 480.00 像素),1:33.6255,
C:\Users\MFGYF-LQ\AppData\Local\Temp\360zip$Temp\360$2\室内装修全套施工图.dwg,模型,2018/5/22 9:20:59,MFGYF-LQ,PublishToWeb JPG.pc3,VGA (640.00 x 480.00 像素),1:15.652,
C:\Users\MFGYF-LQ\AppData\Local\Temp\360zip$Temp\360$3\平面布~5.DWG,模型,2018/5/22 9:26:31,MFGYF-LQ,PublishToWeb JPG.pc3,VGA (640.00 x 480.00 像素),1:139.219,
C:\Users\MFGYF-LQ\AppData\Local\Temp\360zip$Temp\360$3\平面布~5.DWG,模型,2018/5/22 9:26:33,MFGYF-LQ,PublishToWeb JPG.pc3,VGA (640.00 x 480.00 像素),1:139.219,
C:\Users\MFGYF-LQ\AppData\Local\Temp\360zip$Temp\360$3\平面布~5.DWG,模型,2018/5/22 9:26:35,MFGYF-LQ,PublishToWeb JPG.pc3,VGA (640.00 x 480.00 像素),1:139.219,
C:\Users\MFGYF-LQ\AppData\Local\Temp\360zip$Temp\360$3\平面布~5.DWG,模型,2018/5/22 9:26:37,MFGYF-LQ,PublishToWeb JPG.pc3,VGA (640.00 x 480.00 像素),1:139.219,
C:\Users\MFGYF-LQ\AppData\Local\Temp\360zip$Temp\360$3\平面布~5.DWG,模型,2018/5/22 9:26:39,MFGYF-LQ,PublishToWeb JPG.pc3,VGA (640.00 x 480.00 像素),1:139.219,
C:\Users\MFGYF-LQ\AppData\Local\Temp\360zip$Temp\360$3\平面布~5.DWG,模型,2018/5/22 9:26:40,MFGYF-LQ,PublishToWeb JPG.pc3,VGA (640.00 x 480.00 像素),1:139.219,
C:\Users\MFGYF-LQ\AppData\Local\Temp\360zip$Temp\360$3\平面布~5.DWG,模型,2018/5/22 9:26:42,MFGYF-LQ,PublishToWeb JPG.pc3,VGA (640.00 x 480.00 像素),1:139.219,
C:\Users\MFGYF-LQ\AppData\Local\Temp\360zip$Temp\360$3\平面布~5.DWG,模型,2018/5/22 9:26:44,MFGYF-LQ,PublishToWeb JPG.pc3,VGA (640.00 x 480.00 像素),1:139.219,
C:\Users\MFGYF-LQ\AppData\Local\Temp\360zip$Temp\360$3\平面布~5.DWG,模型,2018/5/22 9:26:46,MFGYF-LQ,PublishToWeb JPG.pc3,VGA (640.00 x 480.00 像素),1:139.219,
C:\Users\MFGYF-LQ\AppData\Local\Temp\360zip$Temp\360$3\平面布~5.DWG,模型,2018/5/22 9:26:48,MFGYF-LQ,PublishToWeb JPG.pc3,VGA (640.00 x 480.00 像素),1:139.219,
C:\Users\MFGYF-LQ\AppData\Local\Temp\360zip$Temp\360$3\平面布~5.DWG,模型,2018/5/22 9:26:49,MFGYF-LQ,PublishToWeb JPG.pc3,VGA (640.00 x 480.00 像素),1:139.219,
C:\Users\MFGYF-LQ\AppData\Local\Temp\360zip$Temp\360$3\平面布~5.DWG,模型,2018/5/22 9:26:51,MFGYF-LQ,PublishToWeb JPG.pc3,VGA (640.00 x 480.00 像素),1:139.219,
C:\Users\MFGYF-LQ\AppData\Local\Temp\360zip$Temp\360$3\平面布~5.DWG,模型,2018/5/22 9:26:53,MFGYF-LQ,PublishToWeb JPG.pc3,VGA (640.00 x 480.00 像素),1:139.219,
C:\Users\MFGYF-LQ\AppData\Local\Temp\360zip$Temp\360$4\A2lm.dwg,模型,2018/5/22 9:29:29,MFGYF-LQ,PublishToWeb JPG.pc3,VGA (640.00 x 480.00 像素),1:27.8437,
C:\Users\MFGYF-LQ\AppData\Local\Temp\360zip$Temp\360$4\A2lm.dwg,模型,2018/5/22 9:29:34,MFGYF-LQ,PublishToWeb JPG.pc3,VGA (640.00 x 480.00 像素),1:55.6875,
C:\Users\MFGYF-LQ\AppData\Local\Temp\360zip$Temp\360$4\A2lm.dwg,模型,2018/5/22 9:29:38,MFGYF-LQ,PublishToWeb JPG.pc3,VGA (640.00 x 480.00 像素),1:55.6875,
C:\Users\MFGYF-LQ\AppData\Local\Temp\360zip$Temp\360$4\A2lm.dwg,模型,2018/5/22 9:29:41,MFGYF-LQ,PublishToWeb JPG.pc3,VGA (640.00 x 480.00 像素),1:83.5312,
C:\Users\MFGYF-LQ\AppData\Local\Temp\360zip$Temp\360$4\A2lm.dwg,模型,2018/5/22 9:29:44,MFGYF-LQ,PublishToWeb JPG.pc3,VGA (640.00 x 480.00 像素),1:46.4063,
C:\Users\MFGYF-LQ\AppData\Local\Temp\360zip$Temp\360$4\A2lm.dwg,模型,2018/5/22 9:29:48,MFGYF-LQ,PublishToWeb JPG.pc3,VGA (640.00 x 480.00 像素),1:111.375,
C:\Users\MFGYF-LQ\AppData\Local\Temp\360zip$Temp\360$4\A2lm.dwg,模型,2018/5/22 9:29:51,MFGYF-LQ,PublishToWeb JPG.pc3,VGA (640.00 x 480.00 像素),1:55.6875,
C:\Users\MFGYF-LQ\AppData\Local\Temp\360zip$Temp\360$4\A2lm.dwg,模型,2018/5/22 9:29:54,MFGYF-LQ,PublishToWeb JPG.pc3,VGA (640.00 x 480.00 像素),1:74.25,
C:\Users\MFGYF-LQ\AppData\Local\Temp\360zip$Temp\360$4\A2lm.dwg,模型,2018/5/22 9:29:58,MFGYF-LQ,PublishToWeb JPG.pc3,VGA (640.00 x 480.00 像素),1:92.8125,
C:\Users\MFGYF-LQ\AppData\Local\Temp\360zip$Temp\360$4\A2lm.dwg,模型,2018/5/22 9:30:05,MFGYF-LQ,PublishToWeb JPG.pc3,VGA (640.00 x 480.00 像素),1:1.15696,
C:\Users\MFGYF-LQ\AppData\Local\Temp\360zip$Temp\360$4\A2lm.dwg,模型,2018/5/22 9:30:08,MFGYF-LQ,PublishToWeb JPG.pc3,VGA (640.00 x 480.00 像素),1:1.15696,
C:\Users\MFGYF-LQ\AppData\Local\Temp\360zip$Temp\360$4\A2lm.dwg,模型,2018/5/22 9:30:11,MFGYF-LQ,PublishToWeb JPG.pc3,VGA (640.00 x 480.00 像素),1:47.274,
C:\Users\MFGYF-LQ\AppData\Local\Temp\360zip$Temp\360$4\A2lm.dwg,模型,2018/5/22 9:30:13,MFGYF-LQ,PublishToWeb JPG.pc3,VGA (640.00 x 480.00 像素),1:111.375,
C:\Users\MFGYF-LQ\AppData\Local\Temp\360zip$Temp\360$4\A2lm.dwg,模型,2018/5/22 9:30:16,MFGYF-LQ,PublishToWeb JPG.pc3,VGA (640.00 x 480.00 像素),1:139.219,
C:\Users\MFGYF-LQ\AppData\Local\Temp\360zip$Temp\360$4\A2lm.dwg,模型,2018/5/22 9:30:19,MFGYF-LQ,PublishToWeb JPG.pc3,VGA (640.00 x 480.00 像素),1:139.219,
C:\Users\MFGYF-LQ\AppData\Local\Temp\360zip$Temp\360$4\A2lm.dwg,模型,2018/5/22 9:30:22,MFGYF-LQ,PublishToWeb JPG.pc3,VGA (640.00 x 480.00 像素),1:111.375,
